<?xml version="1.0" encoding="UTF-8"?>
<testng-results ignored="3" total="5" passed="2" failed="0" skipped="0">
  <reporter-output>
  </reporter-output>
  <suite started-at="2023-05-30T13:15:28 CST" name="Suite" finished-at="2023-05-30T13:16:17 CST" duration-ms="49062">
    <groups>
      <group name="PlaceOrderFlow">
        <method signature="standAloneTestPageObject.getOrderNumbers(java.util.HashMap)[pri:0, instance:EndToEndFrameworkRSA.PracticeFramework.standAloneTestPageObject@459e9125]" name="getOrderNumbers" class="EndToEndFrameworkRSA.PracticeFramework.standAloneTestPageObject"/>
      </group> <!-- PlaceOrderFlow -->
    </groups>
    <test started-at="2023-05-30T13:15:28 CST" name="Error Validations Test" finished-at="2023-05-30T13:15:28 CST" duration-ms="9">
    </test> <!-- Error Validations Test -->
    <test started-at="2023-05-30T13:15:28 CST" name="Get Order Number Test" finished-at="2023-05-30T13:16:17 CST" duration-ms="48977">
      <class name="EndToEndFrameworkRSA.PracticeFramework.standAloneTestPageObject">
        <test-method is-config="true" signature="launchApplication()[pri:0, instance:EndToEndFrameworkRSA.PracticeFramework.standAloneTestPageObject@459e9125]" started-at="2023-05-30T13:15:29 CST" name="launchApplication" finished-at="2023-05-30T13:15:36 CST" duration-ms="7087" status="PASS">
          <reporter-output>
          </reporter-output>
        </test-method> <!-- launchApplication -->
        <test-method signature="getOrderNumbers(java.util.HashMap)[pri:0, instance:EndToEndFrameworkRSA.PracticeFramework.standAloneTestPageObject@459e9125]" started-at="2023-05-30T13:15:36 CST" name="getOrderNumbers" data-provider="getData" finished-at="2023-05-30T13:15:54 CST" duration-ms="17956" status="PASS">
          <params>
            <param index="0">
              <value>
                <![CDATA[{password=Static123456!, productToAdd=zara coat 3, email=aarontestrsa@rsa.com}]]>
              </value>
            </param>
          </params>
          <reporter-output>
          </reporter-output>
        </test-method> <!-- getOrderNumbers -->
        <test-method is-config="true" signature="teardown()[pri:0, instance:EndToEndFrameworkRSA.PracticeFramework.standAloneTestPageObject@459e9125]" started-at="2023-05-30T13:15:54 CST" name="teardown" finished-at="2023-05-30T13:15:54 CST" duration-ms="246" status="PASS">
          <reporter-output>
          </reporter-output>
        </test-method> <!-- teardown -->
        <test-method is-config="true" signature="launchApplication()[pri:0, instance:EndToEndFrameworkRSA.PracticeFramework.standAloneTestPageObject@459e9125]" started-at="2023-05-30T13:15:54 CST" name="launchApplication" finished-at="2023-05-30T13:15:59 CST" duration-ms="5343" status="PASS">
          <reporter-output>
          </reporter-output>
        </test-method> <!-- launchApplication -->
        <test-method signature="getOrderNumbers(java.util.HashMap)[pri:0, instance:EndToEndFrameworkRSA.PracticeFramework.standAloneTestPageObject@459e9125]" started-at="2023-05-30T13:15:59 CST" name="getOrderNumbers" data-provider="getData" finished-at="2023-05-30T13:16:17 CST" duration-ms="17929" status="PASS">
          <params>
            <param index="0">
              <value>
                <![CDATA[{password=Static123456!, productToAdd=ADIDAS ORIGINAL, email=aarontestrsa@rsa.com}]]>
              </value>
            </param>
          </params>
          <reporter-output>
          </reporter-output>
        </test-method> <!-- getOrderNumbers -->
        <test-method is-config="true" signature="teardown()[pri:0, instance:EndToEndFrameworkRSA.PracticeFramework.standAloneTestPageObject@459e9125]" started-at="2023-05-30T13:16:17 CST" name="teardown" finished-at="2023-05-30T13:16:17 CST" duration-ms="180" status="PASS">
          <reporter-output>
          </reporter-output>
        </test-method> <!-- teardown -->
      </class> <!-- EndToEndFrameworkRSA.PracticeFramework.standAloneTestPageObject -->
    </test> <!-- Get Order Number Test -->
  </suite> <!-- Suite -->
</testng-results>
