<?xml version="1.0" encoding="UTF-8"?>
<!-- Generated by org.testng.reporters.JUnitXMLReporter -->
<testsuite ignored="0" hostname="REM-LT-230320A" failures="0" tests="2" name="Default test" time="32.507" errors="0" timestamp="2023-05-30T10:18:00 CST">
  <testcase classname="EndToEndFrameworkRSA.PracticeFramework.standAloneTestPageObject" name="getOrderNumbers" time="18.062"/>
  <testcase classname="EndToEndFrameworkRSA.PracticeFramework.standAloneTestPageObject" name="orderHistoryTest" time="0.994"/>
</testsuite> <!-- Default test -->
