<?xml version="1.0" encoding="UTF-8"?>
<!-- Generated by org.testng.reporters.JUnitXMLReporter -->
<testsuite ignored="1" hostname="REM-LT-230320A" failures="1" tests="12" name="DaysClasses" time="0.081" errors="0" timestamp="2023-05-24T15:19:55 CST">
  <testcase classname="test.day3" name="MobilesignoutcarLoan" time="0.005"/>
  <testcase classname="test.day3" name="MobilesignoutcarLoan" time="0.001"/>
  <testcase classname="test.day3" name="MobilesignoutcarLoan" time="0.001"/>
  <testcase classname="test.day3" name="WebloginCarLoan" time="0.0"/>
  <testcase classname="test.day3" name="MobileLogincarLoan" time="0.001"/>
  <testcase classname="test.day3" name="APIcarLoan" time="0.001"/>
  <testcase classname="test.day2" name="ploan" time="0.001"/>
  <testcase classname="test.day4" name="LoginAPIHomeLoan" time="0.001"/>
  <testcase classname="test.day4" name="MobileLoginHomeLoan" time="0.001"/>
  <testcase classname="test.day4" name="WebloginHomeLoan" time="0.0"/>
  <testcase classname="test.day1" name="Demo" time="0.002">
    <failure type="java.lang.AssertionError">
      <![CDATA[java.lang.AssertionError: 
at test.day1.Demo(day1.java:22)
at java.base/java.util.ArrayList.forEach(ArrayList.java:1511)
... Removed 30 stack frames]]>
    </failure>
  </testcase> <!-- Demo -->
  <testcase classname="test.day1" name="SecondTest" time="0.001"/>
  <testcase classname="test.day3" name="MobilesignimcarLoan" time="0.0">
    <ignored/>
  </testcase> <!-- MobilesignimcarLoan -->
</testsuite> <!-- DaysClasses -->
