<?xml version="1.0" encoding="UTF-8"?>
<!-- Generated by org.testng.reporters.JUnitXMLReporter -->
<testsuite ignored="2" hostname="REM-LT-230320A" failures="0" tests="0" time="0.009" errors="0" timestamp="2023-05-30T13:15:28 CST">
  <testcase classname="EndToEndFrameworkRSA.PracticeFramework.errorValidationsTest" name="loginErrorValidation" time="0.0">
    <ignored/>
  </testcase> <!-- loginErrorValidation -->
  <testcase classname="EndToEndFrameworkRSA.PracticeFramework.errorValidationsTest" name="cartItemErrorValidation" time="0.0">
    <ignored/>
  </testcase> <!-- cartItemErrorValidation -->
</testsuite>
