<?xml version="1.0" encoding="UTF-8"?>
<!-- Generated by org.testng.reporters.JUnitXMLReporter -->
<testsuite ignored="0" hostname="REM-LT-230320A" failures="0" tests="3" name="Get Order Number Test" time="53.009" errors="0" timestamp="2023-05-30T15:51:04 CST">
  <testcase classname="EndToEndFrameworkRSA.PracticeFramework.standAloneTestPageObject" name="getOrderNumbers" time="17.795"/>
  <testcase classname="EndToEndFrameworkRSA.PracticeFramework.standAloneTestPageObject" name="getOrderNumbers" time="17.578"/>
  <testcase classname="EndToEndFrameworkRSA.PracticeFramework.standAloneTestPageObject" name="orderHistoryTest" time="0.947"/>
</testsuite> <!-- Get Order Number Test -->
