<?xml version="1.0" encoding="UTF-8"?>
<!-- Generated by org.testng.reporters.JUnitXMLReporter -->
<testsuite ignored="1" hostname="REM-LT-230320A" failures="0" tests="2" name="Get Order Number Test" time="48.977" errors="0" timestamp="2023-05-30T13:16:17 CST">
  <testcase classname="EndToEndFrameworkRSA.PracticeFramework.standAloneTestPageObject" name="getOrderNumbers" time="17.956"/>
  <testcase classname="EndToEndFrameworkRSA.PracticeFramework.standAloneTestPageObject" name="getOrderNumbers" time="17.929"/>
  <testcase classname="EndToEndFrameworkRSA.PracticeFramework.standAloneTestPageObject" name="orderHistoryTest" time="0.0">
    <ignored/>
  </testcase> <!-- orderHistoryTest -->
</testsuite> <!-- Get Order Number Test -->
